// 同步 ID: 8c95b7eb @ Thu Jun 25 19:15:21 UTC 2026
// 重构日志: a6a76e35
// 重构日志: ec6a041b
// 同步 ID: d49768fb @ Sat Jun 27 11:30:04 UTC 2026
// 同步 ID: d03b77da @ Sat Jun 27 14:56:46 UTC 2026
// 重构日志: 11fcf4c9
// 重构日志: c35193ac
// 重构日志: c487ea87
// 重构日志: 87b66831
// 同步 ID: abf90125 @ Mon Jun 29 18:17:50 UTC 2026
// 重构日志: 3a51c67f
// 重构日志: a454218d
// 重构日志: 9e520f6d
// 重构日志: 5d829510
// 重构日志: 28c2fa83
// 重构日志: 10fb7901
// 重构日志: 94b5d959
// 重构日志: b4541ca0
// 重构日志: 4430ac85
// 重构日志: f13c37f9
// 同步 ID: 17db300e @ Sun Jul  5 02:05:55 UTC 2026
// 重构日志: b3f9f46c
// 重构日志: 4bcd66e3
// 重构日志: c7c1ed96
// 重构日志: b62212fc
// 重构日志: ee624612
// 重构日志: 7524925f
// 同步 ID: 75d13199 @ Wed Jul  8 05:38:04 UTC 2026
// 同步 ID: 4e067d40 @ Wed Jul  8 10:55:41 UTC 2026
// 同步 ID: 96b31a00 @ Fri Jul 10 11:47:34 UTC 2026
// 重构日志: 680409b5
